\BOOKMARK [0][-]{chapter*.2}{Lista de Trechos de C\363digo}{}
\BOOKMARK [0][-]{chapter*.4}{Introdu\347\343o}{}
\BOOKMARK [0][-]{chapter.1}{Um pouco de Hist\363ria}{}
\BOOKMARK [1][-]{section.1.1}{O que \351 GNU/Linux?}{chapter.1}
\BOOKMARK [1][-]{section.1.2}{O projeto GNU}{chapter.1}
\BOOKMARK [2][-]{subsection.1.2.1}{Richard Stallman}{section.1.2}
\BOOKMARK [2][-]{subsection.1.2.2}{O projeto inicia}{section.1.2}
\BOOKMARK [1][-]{section.1.3}{Linus Torvalds e o Kernel Linux}{chapter.1}
\BOOKMARK [1][-]{section.1.4}{As distribui\347\365es}{chapter.1}
\BOOKMARK [1][-]{section.1.5}{Algumas distribui\347\365es}{chapter.1}
\BOOKMARK [2][-]{subsection.1.5.1}{Debian GNU/Linux}{section.1.5}
\BOOKMARK [2][-]{subsection.1.5.2}{Red Hat}{section.1.5}
\BOOKMARK [2][-]{subsection.1.5.3}{Mandriva}{section.1.5}
\BOOKMARK [2][-]{subsection.1.5.4}{Slackware}{section.1.5}
\BOOKMARK [2][-]{subsection.1.5.5}{Knoppix}{section.1.5}
\BOOKMARK [2][-]{subsection.1.5.6}{Kurumin}{section.1.5}
\BOOKMARK [2][-]{subsection.1.5.7}{Ubuntu}{section.1.5}
\BOOKMARK [2][-]{subsection.1.5.8}{SuSE}{section.1.5}
\BOOKMARK [2][-]{subsection.1.5.9}{Arch Linux}{section.1.5}
\BOOKMARK [2][-]{subsection.1.5.10}{Gentoo Linux}{section.1.5}
\BOOKMARK [0][-]{chapter.2}{Iniciando com o GNU/Linux}{}
\BOOKMARK [1][-]{section.2.1}{Entrando no sistema}{chapter.2}
\BOOKMARK [2][-]{subsection.2.1.1}{Filosofia do sistema}{section.2.1}
\BOOKMARK [2][-]{subsection.2.1.2}{Login}{section.2.1}
\BOOKMARK [1][-]{section.2.2}{O Shell}{chapter.2}
\BOOKMARK [1][-]{section.2.3}{Obtendo ajuda de comandos}{chapter.2}
\BOOKMARK [2][-]{subsection.2.3.1}{man}{section.2.3}
\BOOKMARK [2][-]{subsection.2.3.2}{info}{section.2.3}
\BOOKMARK [2][-]{subsection.2.3.3}{Navegando na infopage}{section.2.3}
\BOOKMARK [1][-]{section.2.4}{Alguns comandos b\341sicos}{chapter.2}
\BOOKMARK [2][-]{subsection.2.4.1}{Listando arquivos: ls}{section.2.4}
\BOOKMARK [2][-]{subsection.2.4.2}{Manipula\347\343o de arquivos}{section.2.4}
\BOOKMARK [1][-]{section.2.5}{Diret\363rios}{chapter.2}
\BOOKMARK [2][-]{subsection.2.5.1}{cd}{section.2.5}
\BOOKMARK [2][-]{subsection.2.5.2}{mkdir}{section.2.5}
\BOOKMARK [2][-]{subsection.2.5.3}{mv}{section.2.5}
\BOOKMARK [2][-]{subsection.2.5.4}{rmdir}{section.2.5}
\BOOKMARK [2][-]{subsection.2.5.5}{Aonde Estou? pwd}{section.2.5}
\BOOKMARK [1][-]{section.2.6}{Passando para superusu\341rio}{chapter.2}
\BOOKMARK [2][-]{subsection.2.6.1}{su}{section.2.6}
\BOOKMARK [1][-]{section.2.7}{Permiss\365es de Acesso}{chapter.2}
\BOOKMARK [2][-]{subsection.2.7.1}{Revisando Permiss\365es de Acesso}{section.2.7}
\BOOKMARK [2][-]{subsection.2.7.2}{Mudando permiss\365es --- chmod}{section.2.7}
\BOOKMARK [2][-]{subsection.2.7.3}{Mudando o dono do arquivo --- chown}{section.2.7}
\BOOKMARK [2][-]{subsection.2.7.4}{Mudando o grupo dono do arquivo --- chgrp}{section.2.7}
\BOOKMARK [2][-]{subsection.2.7.5}{Definindo as permiss\365es padr\343o --- umask}{section.2.7}
\BOOKMARK [1][-]{section.2.8}{Vendo o conte\372do de arquivos}{chapter.2}
\BOOKMARK [2][-]{subsection.2.8.1}{cat}{section.2.8}
\BOOKMARK [2][-]{subsection.2.8.2}{Visualizando arquivos grandes: more e less}{section.2.8}
\BOOKMARK [2][-]{subsection.2.8.3}{Vendo o final de arquivos: tail}{section.2.8}
\BOOKMARK [2][-]{subsection.2.8.4}{Acompanhando arquivos: watch}{section.2.8}
\BOOKMARK [1][-]{section.2.9}{Liga\347\365es}{chapter.2}
\BOOKMARK [2][-]{subsection.2.9.1}{O que s\343o liga\347\365es?}{section.2.9}
\BOOKMARK [2][-]{subsection.2.9.2}{Vantagens e desvantagens das liga\347\365es}{section.2.9}
\BOOKMARK [2][-]{subsection.2.9.3}{O comando ln}{section.2.9}
\BOOKMARK [1][-]{section.2.10}{Apelidos para comandos: alias}{chapter.2}
\BOOKMARK [0][-]{chapter.3}{Estrutura de diret\363rios do GNU/Linux}{}
\BOOKMARK [1][-]{section.3.1}{Entendendo os diret\363rios em GNU/Linux}{chapter.3}
\BOOKMARK [2][-]{subsection.3.1.1}{O diret\363rio `.'}{section.3.1}
\BOOKMARK [2][-]{subsection.3.1.2}{O diret\363rio `..'}{section.3.1}
\BOOKMARK [2][-]{subsection.3.1.3}{O diret\363rio `\037'}{section.3.1}
\BOOKMARK [1][-]{section.3.2}{A estrutura padr\343o de dir